c:\users\devon\documents\visual studio 2013\projects\lexicalanalyzer\lexicalanalyzer\debug\lexicalanalyzer.pch
c:\users\devon\documents\visual studio 2013\projects\lexicalanalyzer\lexicalanalyzer\debug\vc120.pdb
c:\users\devon\documents\visual studio 2013\projects\lexicalanalyzer\lexicalanalyzer\debug\vc120.idb
c:\users\devon\documents\visual studio 2013\projects\lexicalanalyzer\lexicalanalyzer\debug\stdafx.obj
c:\users\devon\documents\visual studio 2013\projects\lexicalanalyzer\lexicalanalyzer\debug\canalyzer.obj
c:\users\devon\documents\visual studio 2013\projects\lexicalanalyzer\lexicalanalyzer\debug\ccompilecheck.obj
c:\users\devon\documents\visual studio 2013\projects\lexicalanalyzer\lexicalanalyzer\debug\cpreprocessor.obj
c:\users\devon\documents\visual studio 2013\projects\lexicalanalyzer\lexicalanalyzer\debug\csymbol.obj
c:\users\devon\documents\visual studio 2013\projects\lexicalanalyzer\lexicalanalyzer\debug\csymboltable.obj
c:\users\devon\documents\visual studio 2013\projects\lexicalanalyzer\lexicalanalyzer\debug\ctoken.obj
c:\users\devon\documents\visual studio 2013\projects\lexicalanalyzer\lexicalanalyzer\debug\fileaccess.obj
c:\users\devon\documents\visual studio 2013\projects\lexicalanalyzer\lexicalanalyzer\debug\lexicalanalyzer.obj
c:\users\devon\documents\visual studio 2013\projects\lexicalanalyzer\lexicalanalyzer\debug\cfiledata.obj
c:\users\devon\documents\visual studio 2013\projects\lexicalanalyzer\debug\lexicalanalyzer.ilk
c:\users\devon\documents\visual studio 2013\projects\lexicalanalyzer\debug\lexicalanalyzer.exe
c:\users\devon\documents\visual studio 2013\projects\lexicalanalyzer\debug\lexicalanalyzer.pdb
c:\users\devon\documents\visual studio 2013\projects\lexicalanalyzer\lexicalanalyzer\debug\lexicalanalyzer.tlog\cl.command.1.tlog
c:\users\devon\documents\visual studio 2013\projects\lexicalanalyzer\lexicalanalyzer\debug\lexicalanalyzer.tlog\cl.read.1.tlog
c:\users\devon\documents\visual studio 2013\projects\lexicalanalyzer\lexicalanalyzer\debug\lexicalanalyzer.tlog\cl.write.1.tlog
c:\users\devon\documents\visual studio 2013\projects\lexicalanalyzer\lexicalanalyzer\debug\lexicalanalyzer.tlog\link.command.1.tlog
c:\users\devon\documents\visual studio 2013\projects\lexicalanalyzer\lexicalanalyzer\debug\lexicalanalyzer.tlog\link.read.1.tlog
c:\users\devon\documents\visual studio 2013\projects\lexicalanalyzer\lexicalanalyzer\debug\lexicalanalyzer.tlog\link.write.1.tlog
