Build started 2/29/2016 5:19:14 PM.
     1>Project "C:\Users\Devon\documents\visual studio 2013\Projects\LexicalAnalyzer\LexicalAnalyzer\LexicalAnalyzer.vcxproj" on node 2 (Build target(s)).
     1>ClCompile:
         C:\Program Files (x86)\Microsoft Visual Studio 12.0\VC\bin\CL.exe /c /ZI /nologo /W3 /WX- /sdl /Od /Oy- /D WIN32 /D _DEBUG /D _CONSOLE /D _LIB /D _UNICODE /D UNICODE /Gm /EHsc /RTC1 /MDd /GS /fp:precise /Zc:wchar_t /Zc:forScope /Yu"stdafx.h" /Fp"Debug\LexicalAnalyzer.pch" /Fo"Debug\\" /Fd"Debug\vc120.pdb" /Gd /TP /analyze- /errorReport:prompt LexicalAnalyzer.cpp
         LexicalAnalyzer.cpp
     1>c:\users\devon\documents\visual studio 2013\projects\lexicalanalyzer\lexicalanalyzer\lexicalanalyzer.cpp(110): warning C4018: '<' : signed/unsigned mismatch
     1>c:\users\devon\documents\visual studio 2013\projects\lexicalanalyzer\lexicalanalyzer\lexicalanalyzer.cpp(134): warning C4018: '<' : signed/unsigned mismatch
     1>c:\users\devon\documents\visual studio 2013\projects\lexicalanalyzer\lexicalanalyzer\lexicalanalyzer.cpp(136): warning C4018: '<' : signed/unsigned mismatch
     1>c:\users\devon\documents\visual studio 2013\projects\lexicalanalyzer\lexicalanalyzer\lexicalanalyzer.cpp(152): warning C4018: '<' : signed/unsigned mismatch
     1>c:\users\devon\documents\visual studio 2013\projects\lexicalanalyzer\lexicalanalyzer\lexicalanalyzer.cpp(162): warning C4018: '<' : signed/unsigned mismatch
     1>c:\users\devon\documents\visual studio 2013\projects\lexicalanalyzer\lexicalanalyzer\lexicalanalyzer.cpp(266): warning C4018: '<' : signed/unsigned mismatch
       Link:
         C:\Program Files (x86)\Microsoft Visual Studio 12.0\VC\bin\link.exe /ERRORREPORT:PROMPT /OUT:"C:\Users\Devon\documents\visual studio 2013\Projects\LexicalAnalyzer\Debug\LexicalAnalyzer.exe" /INCREMENTAL /NOLOGO kernel32.lib user32.lib gdi32.lib winspool.lib comdlg32.lib advapi32.lib shell32.lib ole32.lib oleaut32.lib uuid.lib odbc32.lib odbccp32.lib /MANIFEST /MANIFESTUAC:"level='asInvoker' uiAccess='false'" /manifest:embed /DEBUG /PDB:"C:\Users\Devon\documents\visual studio 2013\Projects\LexicalAnalyzer\Debug\LexicalAnalyzer.pdb" /SUBSYSTEM:CONSOLE /TLBID:1 /DYNAMICBASE /NXCOMPAT /IMPLIB:"C:\Users\Devon\documents\visual studio 2013\Projects\LexicalAnalyzer\Debug\LexicalAnalyzer.lib" /MACHINE:X86 Debug\cAnalyzer.obj
         Debug\cCompileCheck.obj
         Debug\cFileData.obj
         Debug\cPreprocessor.obj
         Debug\cSymbol.obj
         Debug\cSymbolTable.obj
         Debug\cToken.obj
         Debug\fileAccess.obj
         Debug\LexicalAnalyzer.obj
         Debug\stdafx.obj
         LexicalAnalyzer.vcxproj -> C:\Users\Devon\documents\visual studio 2013\Projects\LexicalAnalyzer\Debug\LexicalAnalyzer.exe
     1>Done Building Project "C:\Users\Devon\documents\visual studio 2013\Projects\LexicalAnalyzer\LexicalAnalyzer\LexicalAnalyzer.vcxproj" (Build target(s)).

Build succeeded.

Time Elapsed 00:00:02.59
